<component name="libraryTable">
  <library name="junit-5.2.3">
    <CLASSES>
      <root url="jar://$PROJECT_DIR$/lib/junit-5.2.3.jar!/" />
    </CLASSES>
    <JAVADOC />
    <SOURCES />
  </library>
</component>